<?xml version="1.0" encoding="UTF-8"?>
<!-- Generated by org.testng.reporters.JUnitReportReporter -->
<testsuite hostname="DESKTOP-NTCOV5K" failures="0" tests="1" name="test.Logintest" time="14.830" errors="0" timestamp="2024-01-07T22:32:10 IST" skipped="0">
  <testcase classname="test.Logintest" name="verifylogin" time="14.830"/>
</testsuite> <!-- test.Logintest -->
