<?xml version="1.0" encoding="UTF-8"?>
<!-- Generated by org.testng.reporters.JUnitReportReporter -->
<testsuite hostname="DESKTOP-NTCOV5K" failures="0" tests="1" name="demo.demo1" time="0.040" errors="0" timestamp="2024-01-01T09:57:13 IST" skipped="0">
  <testcase classname="demo.demo1" name="test" time="0.040"/>
</testsuite> <!-- demo.demo1 -->
